<?xml version="1.0" encoding="UTF-8"?>
<!-- Generated by org.testng.reporters.JUnitReportReporter -->
<testsuite skipped="0" hostname="DESKTOP-NM11PC" name="InventoryMaster.CatigoryMaster_new" tests="4" failures="0" timestamp="17 Apr 2020 12:05:03 GMT" time="16.145" errors="0">
  <testcase name="action" time="11.832" classname="InventoryMaster.CatigoryMaster_new"/>
  <testcase name="newb" time="0.332" classname="InventoryMaster.CatigoryMaster_new"/>
  <testcase name="newcat" time="3.845" classname="InventoryMaster.CatigoryMaster_new"/>
  <testcase name="save" time="0.136" classname="InventoryMaster.CatigoryMaster_new"/>
</testsuite> <!-- InventoryMaster.CatigoryMaster_new -->
