<?xml version="1.0" encoding="UTF-8"?>
<!-- Generated by org.testng.reporters.JUnitReportReporter -->
<testsuite skipped="0" hostname="DESKTOP-NM11PC" name="OtherMaster.Doctor_Master" tests="15" failures="0" timestamp="17 Apr 2020 07:08:25 GMT" time="46.351" errors="0">
  <testcase name="serchCompany" time="17.577" classname="OtherMaster.Doctor_Master"/>
  <testcase name="Master" time="7.678" classname="OtherMaster.Doctor_Master"/>
  <testcase name="NewDoc" time="0.582" classname="OtherMaster.Doctor_Master"/>
  <testcase name="MobileNO" time="5.057" classname="OtherMaster.Doctor_Master"/>
  <testcase name="ID" time="0.292" classname="OtherMaster.Doctor_Master"/>
  <testcase name="RegNo" time="0.514" classname="OtherMaster.Doctor_Master"/>
  <testcase name="name" time="0.822" classname="OtherMaster.Doctor_Master"/>
  <testcase name="Hosp" time="0.746" classname="OtherMaster.Doctor_Master"/>
  <testcase name="Special" time="7.427" classname="OtherMaster.Doctor_Master"/>
  <testcase name="commission" time="0.444" classname="OtherMaster.Doctor_Master"/>
  <testcase name="adddoc" time="1.471" classname="OtherMaster.Doctor_Master"/>
  <testcase name="pincode" time="0.683" classname="OtherMaster.Doctor_Master"/>
  <testcase name="phnNi" time="1.331" classname="OtherMaster.Doctor_Master"/>
  <testcase name="email" time="1.450" classname="OtherMaster.Doctor_Master"/>
  <testcase name="save" time="0.277" classname="OtherMaster.Doctor_Master"/>
</testsuite> <!-- OtherMaster.Doctor_Master -->
