<?xml version="1.0" encoding="UTF-8"?>
<!-- Generated by org.testng.reporters.JUnitReportReporter -->
<testsuite skipped="0" hostname="DESKTOP-NM11PC" name="OtherMaster.Patient_Master" tests="18" failures="0" timestamp="17 Apr 2020 05:33:49 GMT" time="58.535" errors="0">
  <testcase name="serchCompany" time="17.624" classname="OtherMaster.Patient_Master"/>
  <testcase name="Master" time="6.584" classname="OtherMaster.Patient_Master"/>
  <testcase name="NewPatent" time="0.461" classname="OtherMaster.Patient_Master"/>
  <testcase name="mobilenumber" time="4.501" classname="OtherMaster.Patient_Master"/>
  <testcase name="ID" time="0.290" classname="OtherMaster.Patient_Master"/>
  <testcase name="patientName" time="0.521" classname="OtherMaster.Patient_Master"/>
  <testcase name="Gender" time="0.301" classname="OtherMaster.Patient_Master"/>
  <testcase name="Age" time="0.306" classname="OtherMaster.Patient_Master"/>
  <testcase name="ledgerSelect" time="1.029" classname="OtherMaster.Patient_Master"/>
  <testcase name="Adress" time="0.936" classname="OtherMaster.Patient_Master"/>
  <testcase name="pincode" time="0.553" classname="OtherMaster.Patient_Master"/>
  <testcase name="phonenu" time="0.748" classname="OtherMaster.Patient_Master"/>
  <testcase name="Email" time="0.406" classname="OtherMaster.Patient_Master"/>
  <testcase name="MoreOptions" time="1.009" classname="OtherMaster.Patient_Master"/>
  <testcase name="typeOFPatient" time="4.485" classname="OtherMaster.Patient_Master"/>
  <testcase name="Desce" time="11.255" classname="OtherMaster.Patient_Master"/>
  <testcase name="discount" time="0.284" classname="OtherMaster.Patient_Master"/>
  <testcase name="savep" time="7.242" classname="OtherMaster.Patient_Master"/>
</testsuite> <!-- OtherMaster.Patient_Master -->
