<?xml version="1.0" encoding="UTF-8"?>
<!-- Generated by org.testng.reporters.JUnitReportReporter -->
<testsuite skipped="0" hostname="DESKTOP-NM11PC" name="OtherMaster.prescription_master" tests="16" failures="0" timestamp="17 Apr 2020 07:24:29 GMT" time="59.007" errors="0">
  <testcase name="serchCompany" time="12.745" classname="OtherMaster.prescription_master"/>
  <testcase name="Master" time="6.339" classname="OtherMaster.prescription_master"/>
  <testcase name="prenew" time="0.562" classname="OtherMaster.prescription_master"/>
  <testcase name="date" time="3.854" classname="OtherMaster.prescription_master"/>
  <testcase name="perdays" time="0.268" classname="OtherMaster.prescription_master"/>
  <testcase name="serpatient" time="7.098" classname="OtherMaster.prescription_master"/>
  <testcase name="DocSer" time="4.032" classname="OtherMaster.prescription_master"/>
  <testcase name="moreOpt" time="5.094" classname="OtherMaster.prescription_master"/>
  <testcase name="ItemSelect" time="8.375" classname="OtherMaster.prescription_master"/>
  <testcase name="presdays" time="5.311" classname="OtherMaster.prescription_master"/>
  <testcase name="Dose" time="2.293" classname="OtherMaster.prescription_master"/>
  <testcase name="QTY" time="2.264" classname="OtherMaster.prescription_master"/>
  <testcase name="unitdrp" time="0.191" classname="OtherMaster.prescription_master"/>
  <testcase name="Days" time="0.250" classname="OtherMaster.prescription_master"/>
  <testcase name="rate" time="0.167" classname="OtherMaster.prescription_master"/>
  <testcase name="pressave" time="0.164" classname="OtherMaster.prescription_master"/>
</testsuite> <!-- OtherMaster.prescription_master -->
